<?xml version="1.0" encoding="UTF-8"?>
<!-- Generated by org.testng.reporters.JUnitReportReporter -->
<testsuite hostname="DESKTOP-KM0QCD1" failures="0" tests="2" name="demowebShop_TestCases.PS1_TestCase" time="9.880" errors="0" timestamp="2024-02-08T19:35:55 IST" skipped="0">
  <testcase classname="demowebShop_TestCases.PS1_TestCase" name="registerpageTest" time="4.839"/>
  <testcase classname="demowebShop_TestCases.PS1_TestCase" name="loginpageTest" time="5.041"/>
</testsuite> <!-- demowebShop_TestCases.PS1_TestCase -->
