<?xml version="1.0" encoding="UTF-8"?>
<!-- Generated by org.testng.reporters.JUnitReportReporter -->
<testsuite hostname="DESKTOP-KM0QCD1" failures="0" tests="3" name="demowebShop_Pages.PS4_ExtentReportr" time="40.530" errors="0" timestamp="2024-02-09T23:22:42 IST" skipped="0">
  <testcase classname="demowebShop_Pages.PS4_ExtentReportr" name="testLogin2" time="11.073"/>
  <testcase classname="demowebShop_Pages.PS4_ExtentReportr" name="testLogin1" time="13.574"/>
  <testcase classname="demowebShop_Pages.PS4_ExtentReportr" name="testLogin3" time="15.883"/>
</testsuite> <!-- demowebShop_Pages.PS4_ExtentReportr -->
