<?xml version="1.0" encoding="UTF-8"?>
<!-- Generated by org.testng.reporters.JUnitReportReporter -->
<testsuite hostname="DESKTOP-KM0QCD1" failures="0" tests="2" name="demowebShop_TestCases.TestCase" time="7.686" errors="0" timestamp="2024-02-08T09:35:42 IST" skipped="0">
  <testcase classname="demowebShop_TestCases.TestCase" name="registerpageTest" time="4.338"/>
  <testcase classname="demowebShop_TestCases.TestCase" name="loginpageTest" time="3.348"/>
</testsuite> <!-- demowebShop_TestCases.TestCase -->
