<?xml version="1.0" encoding="UTF-8"?>
<!-- Generated by org.testng.reporters.JUnitReportReporter -->
<testsuite hostname="DESKTOP-KM0QCD1" failures="0" tests="3" name="demowebShop_Pages.PS4_ExtentReport" time="39.682" errors="0" timestamp="2024-02-09T21:37:42 IST" skipped="0">
  <testcase classname="demowebShop_Pages.PS4_ExtentReport" name="testLogin1" time="15.607"/>
  <testcase classname="demowebShop_Pages.PS4_ExtentReport" name="testLogin2" time="10.778"/>
  <testcase classname="demowebShop_Pages.PS4_ExtentReport" name="testLogin3" time="13.297"/>
</testsuite> <!-- demowebShop_Pages.PS4_ExtentReport -->
